2023-08-01T18:48:02.172Z [my-bank-api] info: API started read
2023-08-01T18:48:59.215Z [my-bank-api] info: API started read
2023-08-01T18:49:04.518Z [my-bank-api] info: API started read
2023-08-01T18:49:06.684Z [my-bank-api] info: API started read
2023-08-01T18:49:09.611Z [my-bank-api] info: API started read
2023-08-01T18:49:10.948Z [my-bank-api] info: API started read
2023-08-01T18:49:20.568Z [my-bank-api] info: API started read
2023-08-01T18:49:23.219Z [my-bank-api] info: API started read
2023-08-01T18:49:25.209Z [my-bank-api] info: API started read
2023-08-01T18:49:27.492Z [my-bank-api] info: API started read
2023-08-01T18:49:28.921Z [my-bank-api] info: API started read
2023-08-01T18:53:11.630Z [my-bank-api] info: API started read
2023-08-01T18:53:15.774Z [my-bank-api] info: API started read
2023-08-01T18:53:17.134Z [my-bank-api] info: API started read
2023-08-01T18:53:19.477Z [my-bank-api] info: API started read
2023-08-01T18:53:25.384Z [my-bank-api] info: API started read
2023-08-01T18:53:28.383Z [my-bank-api] info: API started read
2023-08-01T18:53:31.361Z [my-bank-api] info: API started read
2023-08-01T18:53:34.030Z [my-bank-api] info: API started read
2023-08-01T18:53:45.350Z [my-bank-api] info: API started read
2023-08-01T18:53:49.375Z [my-bank-api] info: API started read
2023-08-01T18:54:05.218Z [my-bank-api] info: API started read
2023-08-01T18:54:08.560Z [my-bank-api] info: API started read
2023-08-01T18:54:12.833Z [my-bank-api] info: API started read
2023-08-01T18:54:15.759Z [my-bank-api] info: API started read
2023-08-01T18:55:08.895Z [my-bank-api] info: API started read
2023-08-01T18:55:11.292Z [my-bank-api] info: API started read
2023-08-01T18:55:20.935Z [my-bank-api] info: API started read
2023-08-01T18:55:23.238Z [my-bank-api] info: API started read
2023-08-01T18:55:24.909Z [my-bank-api] info: API started read
2023-08-01T18:55:26.459Z [my-bank-api] info: API started read
2023-08-01T18:55:29.314Z [my-bank-api] info: API started read
2023-08-01T18:55:38.068Z [my-bank-api] info: API started read
2023-08-01T18:55:49.992Z [my-bank-api] info: API started read
2023-08-01T18:55:54.056Z [my-bank-api] info: API started read
2023-08-01T18:55:59.423Z [my-bank-api] info: API started read
2023-08-01T18:56:07.982Z [my-bank-api] info: API started read
2023-08-01T18:56:15.056Z [my-bank-api] info: API started read
2023-08-01T18:56:26.079Z [my-bank-api] info: API started read
2023-08-01T18:56:56.661Z [my-bank-api] info: API started read
2023-08-01T18:56:58.752Z [my-bank-api] info: API started read
2023-08-01T18:57:11.171Z [my-bank-api] info: API started read
2023-08-01T18:57:15.072Z [my-bank-api] info: API started read
2023-08-01T18:57:20.392Z [my-bank-api] info: API started read
2023-08-01T18:57:25.352Z [my-bank-api] info: API started read
2023-08-01T18:57:28.367Z [my-bank-api] info: API started read
2023-08-01T18:57:41.537Z [my-bank-api] info: API started read
2023-08-01T18:57:44.755Z [my-bank-api] info: API started read
2023-08-01T18:58:00.953Z [my-bank-api] info: API started read
2023-08-01T18:58:50.552Z [my-bank-api] info: GET /account 
2023-08-01T18:59:22.615Z [my-bank-api] info: POST /account - {"id":1,"name":"alexandre Alves","balance":16650.5}
2023-08-01T18:59:39.227Z [my-bank-api] info: GET /account/:id 
2023-08-01T22:38:00.158Z [my-bank-api] info: API started read
2023-08-01T22:38:01.523Z [my-bank-api] info: API started read
2023-08-01T22:38:03.492Z [my-bank-api] info: API started read
2023-08-01T22:38:23.184Z [my-bank-api] info: API started read
2023-08-01T22:38:25.497Z [my-bank-api] info: API started read
2023-08-01T22:38:28.999Z [my-bank-api] info: API started read
2023-08-01T22:38:30.602Z [my-bank-api] info: API started read
2023-08-01T22:38:33.339Z [my-bank-api] info: API started read
2023-08-01T22:38:36.632Z [my-bank-api] info: API started read
2023-08-02T17:47:14.128Z [my-bank-api] info: API started read
2023-08-02T17:51:30.241Z [my-bank-api] info: API started read
2023-08-02T17:51:43.037Z [my-bank-api] error: POST /account - Formato invalido, name e balance obrigatorios
2023-08-02T17:51:49.189Z [my-bank-api] error: POST /account - Formato invalido, name e balance obrigatorios
2023-08-02T17:55:35.104Z [my-bank-api] info: API started read
2023-08-02T17:55:55.992Z [my-bank-api] info: POST /account - {"id":2,"name":"alexandre Alves","balance":0}
2023-08-02T17:56:41.189Z [my-bank-api] info: API started read
2023-08-02T17:56:47.265Z [my-bank-api] info: API started read
2023-08-02T17:56:49.781Z [my-bank-api] info: API started read
2023-08-02T17:56:55.810Z [my-bank-api] info: API started read
2023-08-02T17:56:57.818Z [my-bank-api] info: API started read
2023-08-02T17:57:01.405Z [my-bank-api] info: API started read
2023-08-02T17:57:02.738Z [my-bank-api] info: API started read
2023-08-02T17:57:04.876Z [my-bank-api] info: API started read
2023-08-02T17:57:08.512Z [my-bank-api] info: API started read
2023-08-02T18:01:26.512Z [my-bank-api] info: API started read
2023-08-02T18:01:30.089Z [my-bank-api] info: API started read
2023-08-02T18:01:35.006Z [my-bank-api] info: API started read
2023-08-02T18:02:15.888Z [my-bank-api] info: API started read
2023-08-02T18:02:19.987Z [my-bank-api] info: API started read
2023-08-02T18:02:22.155Z [my-bank-api] info: API started read
2023-08-02T18:02:26.625Z [my-bank-api] info: API started read
2023-08-02T18:02:32.807Z [my-bank-api] info: API started read
2023-08-02T18:02:42.823Z [my-bank-api] info: API started read
2023-08-02T18:04:27.770Z [my-bank-api] info: API started read
2023-08-02T18:04:54.341Z [my-bank-api] info: API started read
2023-08-02T18:05:42.108Z [my-bank-api] info: API started read
2023-08-02T18:05:43.126Z [my-bank-api] info: API started read
2023-08-02T18:05:48.758Z [my-bank-api] info: API started read
2023-08-02T18:05:51.881Z [my-bank-api] info: API started read
2023-08-02T18:05:57.692Z [my-bank-api] info: API started read
2023-08-02T18:06:02.361Z [my-bank-api] info: API started read
2023-08-02T18:06:20.999Z [my-bank-api] info: GET /account 
2023-08-02T18:14:11.590Z [my-bank-api] info: API started read
2023-08-02T18:14:12.856Z [my-bank-api] info: API started read
2023-08-02T18:14:37.340Z [my-bank-api] info: API started read
2023-08-02T18:15:08.766Z [my-bank-api] info: API started read
2023-08-02T18:15:22.775Z [my-bank-api] info: API started read
